<?xml version="1.0" encoding="UTF-8"?>
<testng-results skipped="0" failed="0" ignored="0" total="1" passed="1">
  <reporter-output>
  </reporter-output>
  <suite name="Suite" duration-ms="34" started-at="2018-01-07T14:41:57Z" finished-at="2018-01-07T14:41:57Z">
    <groups>
    </groups>
    <test name="Test" duration-ms="34" started-at="2018-01-07T14:41:57Z" finished-at="2018-01-07T14:41:57Z">
      <class name="print.SampleGit">
        <test-method status="PASS" signature="NW()[pri:0, instance:print.SampleGit@4501b7af]" name="NW" duration-ms="15" started-at="2018-01-07T20:11:57Z" finished-at="2018-01-07T20:11:57Z">
          <reporter-output>
          </reporter-output>
        </test-method> <!-- NW -->
      </class> <!-- print.SampleGit -->
    </test> <!-- Test -->
  </suite> <!-- Suite -->
</testng-results>
